3/16/2016 9:53:01 PM | Debut Mise en ligne complete (Site):
3/16/2016 9:53:14 PM | Listing terminé :
3/16/2016 9:53:14 PM | 

3/16/2016 9:53:14 PM | * WEFiles-- -- --Folder create
3/16/2016 9:53:14 PM | * WEFiles/Xml-- -- --Folder create
3/16/2016 9:53:14 PM | * WEFiles/Server-- -- --Folder create
3/16/2016 9:53:14 PM | * WEFiles/Server/language-- -- --Folder create
3/16/2016 9:53:14 PM | * WEFiles/Server/DB-- -- --Folder create
3/16/2016 9:53:14 PM | * WEFiles/Server/DB/DBTools-- -- --Folder create
3/16/2016 9:53:14 PM | * WEFiles/Server/class-- -- --Folder create
3/16/2016 9:53:14 PM | * WEFiles/Other-- -- --Folder create
3/16/2016 9:53:14 PM | * WEFiles/Image-- -- --Folder create
3/16/2016 9:53:14 PM | * WEFiles/Font-- -- --Folder create
3/16/2016 9:53:14 PM | * WEFiles/EG-- -- --Folder create
3/16/2016 9:53:14 PM | * WEFiles/Css-- -- --Folder create
3/16/2016 9:53:14 PM | * WEFiles/Css/v02-- -- --Folder create
3/16/2016 9:53:14 PM | * WEFiles/Css/v01-- -- --Folder create
3/16/2016 9:53:14 PM | * WEFiles/Client-- -- --Folder create
3/16/2016 9:53:14 PM | * WEFiles/Client/jQuery-- -- --Folder create
3/16/2016 9:53:14 PM | * WEFiles/Client/jQuery/Plugins-- -- --Folder create
3/16/2016 9:53:14 PM | * WEFiles/Client/Common-- -- --Folder create
3/16/2016 9:53:14 PM | * Templates-- -- --Folder create
3/16/2016 9:53:14 PM | * Files-- -- --Folder create
3/16/2016 9:53:14 PM | * Files/Video-- -- --Folder create
3/16/2016 9:53:14 PM | * Files/Other-- -- --Folder create
3/16/2016 9:53:14 PM | * Files/Media-- -- --Folder create
3/16/2016 9:53:14 PM | * Files/Image-- -- --Folder create
3/16/2016 9:53:14 PM | * Files/Fonts-- -- --Folder create
3/16/2016 9:53:14 PM | * Files/Flash-- -- --Folder create
3/16/2016 9:53:14 PM | * Files/Audio-- -- --Folder create
3/16/2016 9:53:14 PM | * Data-- -- --Folder create
3/16/2016 9:53:14 PM | * Backup-- -- --Folder create
3/16/2016 9:53:14 PM | * Common-- -- --Folder create
3/16/2016 9:53:14 PM | * WEFiles/Image/Skin-- -- --Folder create
3/16/2016 9:53:14 PM | * Files\Other-- -- --Folder create
3/16/2016 9:53:14 PM | * Files\Fonts-- -- --Folder create
3/16/2016 9:53:14 PM | * Backup/.htaccess-- -- --33
3/16/2016 9:53:14 PM | * Data/.htaccess-- -- --13
3/16/2016 9:53:14 PM | * WEFiles/Client/Common/oe.min.js-- -- --15699
3/16/2016 9:53:14 PM | * WEFiles/Client/jQuery/Plugins/jquery.form.js-- -- --11659
3/16/2016 9:53:14 PM | * WEFiles/Client/jQuery/Plugins/jquery.ui.core.js-- -- --19590
3/16/2016 9:53:14 PM | * WEFiles/Client/jQuery/Plugins/jquery.ui.effects.js-- -- --25199
3/16/2016 9:53:14 PM | * WEFiles/Client/jQuery/1.10.2.js-- -- --93107
3/16/2016 9:53:14 PM | * WEFiles/Client/jQuery/migrate.js-- -- --7202
3/16/2016 9:53:14 PM | * WEFiles/Client/OEDB.js-- -- --1856
3/16/2016 9:53:14 PM | * WEFiles/Client/OEDBClasses.js-- -- --2280
3/16/2016 9:53:14 PM | * WEFiles/Client/opentip-jquery.min.js-- -- --44974
3/16/2016 9:53:14 PM | * WEFiles/Css/v01/openElement.css-- -- --5805
3/16/2016 9:53:14 PM | * WEFiles/Css/v02/openElement.css-- -- --5907
3/16/2016 9:53:14 PM | * WEFiles/Css/v02/openElement.int.css-- -- --6005
3/16/2016 9:53:14 PM | * WEFiles/Css/ie7.css-- -- --833
3/16/2016 9:53:14 PM | * WEFiles/Css/opentip.css-- -- --9211
3/16/2016 9:53:14 PM | * WEFiles/Image/Code.png-- -- --831
3/16/2016 9:53:14 PM | * WEFiles/Image/delete.png-- -- --1465
3/16/2016 9:53:14 PM | * WEFiles/Image/empty.png-- -- --184
3/16/2016 9:53:14 PM | * WEFiles/Image/information2.png-- -- --3246
3/16/2016 9:53:14 PM | * WEFiles/Image/loading.gif-- -- --1924
3/16/2016 9:53:14 PM | * WEFiles/Image/Loading2.gif-- -- --4941
3/16/2016 9:53:14 PM | * WEFiles/Image/mask.png-- -- --213
3/16/2016 9:53:14 PM | * WEFiles/Image/ModalBackgound.png-- -- --27145
3/16/2016 9:53:14 PM | * WEFiles/Image/ModalPopupBlock.png-- -- --268
3/16/2016 9:53:14 PM | * WEFiles/Image/ServerError.png-- -- --2602
3/16/2016 9:53:14 PM | * WEFiles/Image/warning.png-- -- --816
3/16/2016 9:53:14 PM | * WEFiles/Image/WEW3C.png-- -- --1882
3/16/2016 9:53:14 PM | * WEFiles/Server/class/class-phpmailer.php-- -- --65471
3/16/2016 9:53:14 PM | * WEFiles/Server/class/class-smtp.php-- -- --32442
3/16/2016 9:53:14 PM | * WEFiles/Server/class/JSON.php-- -- --34073
3/16/2016 9:53:14 PM | * WEFiles/Server/DB/DBTools/OEDataContainers.php-- -- --58077
3/16/2016 9:53:14 PM | * WEFiles/Server/DB/DBTools/OEDBRequest.php-- -- --36412
3/16/2016 9:53:14 PM | * WEFiles/Server/DB/DBTools/OEDynUtils.php-- -- --16240
3/16/2016 9:53:14 PM | * WEFiles/Server/DB/.htaccess-- -- --13
3/16/2016 9:53:14 PM | * WEFiles/Server/DB/OEDB.php-- -- --28741
3/16/2016 9:53:14 PM | * WEFiles/Server/DB/OEDBClasses.php-- -- --84483
3/16/2016 9:53:14 PM | * WEFiles/Server/DB/sqllogin.php-- -- --1479
3/16/2016 9:53:14 PM | * WEFiles/Server/language/phpmailer.lang-en.php-- -- --1188
3/16/2016 9:53:14 PM | * WEFiles/Server/language/phpmailer.lang-fr.php-- -- --1297
3/16/2016 9:53:14 PM | * WEFiles/Server/openElement.php-- -- --18660
3/16/2016 9:53:14 PM | * WEFiles/Server/VarText.php-- -- --4306
3/16/2016 9:53:14 PM | * .htaccess-- -- --0
3/16/2016 9:53:14 PM | * index.css-- -- --2133
3/16/2016 9:53:14 PM | * WEFiles/Image/Skin/c73e28dc.png-- -- --8725
3/16/2016 9:53:14 PM | * index.htm-- -- --7032
3/16/2016 9:53:14 PM | * Innskraning(var).js-- -- --276
3/16/2016 9:53:14 PM | * Innskraning(var).php-- -- --156
3/16/2016 9:53:14 PM | * Innskraning.css-- -- --3000
3/16/2016 9:53:14 PM | * WEFiles/Image/Skin/26c70838.png-- -- --162
3/16/2016 9:53:14 PM | * WEFiles/Image/Skin/58294202.png-- -- --772
3/16/2016 9:53:14 PM | * WEFiles/Image/Skin/3f808d9f.png-- -- --7146
3/16/2016 9:53:14 PM | * WEFiles/Client/WESendForm-v29.js-- -- --3846
3/16/2016 9:53:14 PM | * Innskraning.htm-- -- --6709
3/16/2016 9:53:14 PM | * Kaupa kort.css-- -- --1886
3/16/2016 9:53:14 PM | * Kaupa kort.htm-- -- --4438
3/16/2016 9:53:14 PM | * Minar sidur.css-- -- --1886
3/16/2016 9:53:14 PM | * Minar sidur.htm-- -- --4441
3/16/2016 9:53:14 PM | * robots.txt-- -- --19
3/16/2016 9:53:14 PM | * sitemap.xml-- -- --950
3/16/2016 9:53:14 PM | * Timatafla.css-- -- --1886
3/16/2016 9:53:14 PM | * Timatafla.htm-- -- --4433
3/16/2016 9:53:14 PM | * Templates/BaseLayer.css-- -- --751
3/16/2016 9:53:14 PM | 
3/16/2016 9:53:14 PM | 
--------------------------------Phase 1 Terminé--------------------------------
3/16/2016 9:53:14 PM | 

3/16/2016 10:26:08 PM | Debut Mise en ligne complete (Site):
3/16/2016 10:26:10 PM | Listing terminé :
3/16/2016 10:26:10 PM | 

3/16/2016 10:26:10 PM | * WEFiles-- -- --Folder create
3/16/2016 10:26:10 PM | * WEFiles/Xml-- -- --Folder create
3/16/2016 10:26:10 PM | * WEFiles/Server-- -- --Folder create
3/16/2016 10:26:10 PM | * WEFiles/Server/language-- -- --Folder create
3/16/2016 10:26:10 PM | * WEFiles/Server/DB-- -- --Folder create
3/16/2016 10:26:10 PM | * WEFiles/Server/DB/DBTools-- -- --Folder create
3/16/2016 10:26:10 PM | * WEFiles/Server/class-- -- --Folder create
3/16/2016 10:26:10 PM | * WEFiles/Other-- -- --Folder create
3/16/2016 10:26:10 PM | * WEFiles/Image-- -- --Folder create
3/16/2016 10:26:10 PM | * WEFiles/Font-- -- --Folder create
3/16/2016 10:26:10 PM | * WEFiles/EG-- -- --Folder create
3/16/2016 10:26:10 PM | * WEFiles/Css-- -- --Folder create
3/16/2016 10:26:10 PM | * WEFiles/Css/v02-- -- --Folder create
3/16/2016 10:26:10 PM | * WEFiles/Css/v01-- -- --Folder create
3/16/2016 10:26:10 PM | * WEFiles/Client-- -- --Folder create
3/16/2016 10:26:10 PM | * WEFiles/Client/jQuery-- -- --Folder create
3/16/2016 10:26:10 PM | * WEFiles/Client/jQuery/Plugins-- -- --Folder create
3/16/2016 10:26:10 PM | * WEFiles/Client/Common-- -- --Folder create
3/16/2016 10:26:10 PM | * Templates-- -- --Folder create
3/16/2016 10:26:10 PM | * Files-- -- --Folder create
3/16/2016 10:26:10 PM | * Files/Video-- -- --Folder create
3/16/2016 10:26:10 PM | * Files/Other-- -- --Folder create
3/16/2016 10:26:10 PM | * Files/Media-- -- --Folder create
3/16/2016 10:26:10 PM | * Files/Image-- -- --Folder create
3/16/2016 10:26:10 PM | * Files/Fonts-- -- --Folder create
3/16/2016 10:26:10 PM | * Files/Flash-- -- --Folder create
3/16/2016 10:26:10 PM | * Files/Audio-- -- --Folder create
3/16/2016 10:26:10 PM | * Data-- -- --Folder create
3/16/2016 10:26:10 PM | * Backup-- -- --Folder create
3/16/2016 10:26:10 PM | * Common-- -- --Folder create
3/16/2016 10:26:10 PM | * WEFiles/Image/Skin-- -- --Folder create
3/16/2016 10:26:10 PM | * Files\Other-- -- --Folder create
3/16/2016 10:26:10 PM | * Files\Fonts-- -- --Folder create
3/16/2016 10:26:10 PM | * Backup/.htaccess-- -- --33
3/16/2016 10:26:10 PM | * Data/.htaccess-- -- --13
3/16/2016 10:26:10 PM | * WEFiles/Client/Common/oe.min.js-- -- --15699
3/16/2016 10:26:10 PM | * WEFiles/Client/jQuery/Plugins/jquery.form.js-- -- --11659
3/16/2016 10:26:10 PM | * WEFiles/Client/jQuery/Plugins/jquery.ui.core.js-- -- --19590
3/16/2016 10:26:10 PM | * WEFiles/Client/jQuery/Plugins/jquery.ui.effects.js-- -- --25199
3/16/2016 10:26:10 PM | * WEFiles/Client/jQuery/1.10.2.js-- -- --93107
3/16/2016 10:26:10 PM | * WEFiles/Client/jQuery/migrate.js-- -- --7202
3/16/2016 10:26:10 PM | * WEFiles/Client/OEDB.js-- -- --1856
3/16/2016 10:26:10 PM | * WEFiles/Client/OEDBClasses.js-- -- --2280
3/16/2016 10:26:10 PM | * WEFiles/Client/opentip-jquery.min.js-- -- --44974
3/16/2016 10:26:10 PM | * WEFiles/Css/v01/openElement.css-- -- --5805
3/16/2016 10:26:10 PM | * WEFiles/Css/v02/openElement.css-- -- --5907
3/16/2016 10:26:10 PM | * WEFiles/Css/v02/openElement.int.css-- -- --6005
3/16/2016 10:26:10 PM | * WEFiles/Css/ie7.css-- -- --833
3/16/2016 10:26:10 PM | * WEFiles/Css/opentip.css-- -- --9211
3/16/2016 10:26:10 PM | * WEFiles/Image/Code.png-- -- --831
3/16/2016 10:26:10 PM | * WEFiles/Image/delete.png-- -- --1465
3/16/2016 10:26:10 PM | * WEFiles/Image/empty.png-- -- --184
3/16/2016 10:26:10 PM | * WEFiles/Image/information2.png-- -- --3246
3/16/2016 10:26:10 PM | * WEFiles/Image/loading.gif-- -- --1924
3/16/2016 10:26:10 PM | * WEFiles/Image/Loading2.gif-- -- --4941
3/16/2016 10:26:10 PM | * WEFiles/Image/mask.png-- -- --213
3/16/2016 10:26:10 PM | * WEFiles/Image/ModalBackgound.png-- -- --27145
3/16/2016 10:26:10 PM | * WEFiles/Image/ModalPopupBlock.png-- -- --268
3/16/2016 10:26:10 PM | * WEFiles/Image/ServerError.png-- -- --2602
3/16/2016 10:26:10 PM | * WEFiles/Image/warning.png-- -- --816
3/16/2016 10:26:10 PM | * WEFiles/Image/WEW3C.png-- -- --1882
3/16/2016 10:26:10 PM | * WEFiles/Server/class/class-phpmailer.php-- -- --65471
3/16/2016 10:26:10 PM | * WEFiles/Server/class/class-smtp.php-- -- --32442
3/16/2016 10:26:10 PM | * WEFiles/Server/class/JSON.php-- -- --34073
3/16/2016 10:26:10 PM | * WEFiles/Server/DB/DBTools/OEDataContainers.php-- -- --58077
3/16/2016 10:26:10 PM | * WEFiles/Server/DB/DBTools/OEDBRequest.php-- -- --36412
3/16/2016 10:26:10 PM | * WEFiles/Server/DB/DBTools/OEDynUtils.php-- -- --16240
3/16/2016 10:26:10 PM | * WEFiles/Server/DB/.htaccess-- -- --13
3/16/2016 10:26:10 PM | * WEFiles/Server/DB/OEDB.php-- -- --28741
3/16/2016 10:26:10 PM | * WEFiles/Server/DB/OEDBClasses.php-- -- --84483
3/16/2016 10:26:10 PM | * WEFiles/Server/DB/sqllogin.php-- -- --1479
3/16/2016 10:26:10 PM | * WEFiles/Server/language/phpmailer.lang-en.php-- -- --1188
3/16/2016 10:26:10 PM | * WEFiles/Server/language/phpmailer.lang-fr.php-- -- --1297
3/16/2016 10:26:10 PM | * WEFiles/Server/openElement.php-- -- --18660
3/16/2016 10:26:10 PM | * WEFiles/Server/VarText.php-- -- --4306
3/16/2016 10:26:10 PM | * .htaccess-- -- --0
3/16/2016 10:26:10 PM | * index.css-- -- --2133
3/16/2016 10:26:10 PM | * WEFiles/Image/Skin/c73e28dc.png-- -- --8725
3/16/2016 10:26:10 PM | * index.htm-- -- --7032
3/16/2016 10:26:10 PM | * Innskraning(var).js-- -- --276
3/16/2016 10:26:10 PM | * Innskraning(var).php-- -- --156
3/16/2016 10:26:10 PM | * Innskraning.css-- -- --3143
3/16/2016 10:26:10 PM | * WEFiles/Image/Skin/26c70838.png-- -- --162
3/16/2016 10:26:10 PM | * WEFiles/Image/Skin/58294202.png-- -- --772
3/16/2016 10:26:10 PM | * WEFiles/Image/Skin/3f808d9f.png-- -- --7146
3/16/2016 10:26:10 PM | * WEFiles/Client/WESendForm-v29.js-- -- --3846
3/16/2016 10:26:10 PM | * Innskraning.htm-- -- --7064
3/16/2016 10:26:10 PM | * Kaupa kort(var).php-- -- --622
3/16/2016 10:26:10 PM | * Kaupa kort.css-- -- --5786
3/16/2016 10:26:10 PM | * WEFiles/Image/Skin/c3939802.png-- -- --162
3/16/2016 10:26:10 PM | * WEFiles/Image/Skin/63d93d51.png-- -- --772
3/16/2016 10:26:10 PM | * WEFiles/Image/Skin/c01bce0b.png-- -- --162
3/16/2016 10:26:10 PM | * WEFiles/Image/Skin/3b9d0c7d.png-- -- --772
3/16/2016 10:26:10 PM | * Kaupa kort.htm-- -- --15053
3/16/2016 10:26:10 PM | * Minar sidur.css-- -- --1886
3/16/2016 10:26:10 PM | * Minar sidur.htm-- -- --4441
3/16/2016 10:26:10 PM | * robots.txt-- -- --19
3/16/2016 10:26:10 PM | * sitemap.xml-- -- --950
3/16/2016 10:26:10 PM | * Timatafla.css-- -- --1886
3/16/2016 10:26:10 PM | * Timatafla.htm-- -- --4433
3/16/2016 10:26:10 PM | * Templates/BaseLayer.css-- -- --751
3/16/2016 10:26:10 PM | 
3/16/2016 10:26:10 PM | 
--------------------------------Phase 1 Terminé--------------------------------
3/16/2016 10:26:10 PM | 

3/17/2016 1:07:57 PM | Debut Mise en ligne complete (Site):
3/17/2016 1:08:01 PM | Listing terminé :
3/17/2016 1:08:01 PM | 

3/17/2016 1:08:01 PM | * WEFiles-- -- --Folder create
3/17/2016 1:08:01 PM | * WEFiles/Xml-- -- --Folder create
3/17/2016 1:08:01 PM | * WEFiles/Server-- -- --Folder create
3/17/2016 1:08:01 PM | * WEFiles/Server/language-- -- --Folder create
3/17/2016 1:08:01 PM | * WEFiles/Server/DB-- -- --Folder create
3/17/2016 1:08:01 PM | * WEFiles/Server/DB/DBTools-- -- --Folder create
3/17/2016 1:08:01 PM | * WEFiles/Server/class-- -- --Folder create
3/17/2016 1:08:01 PM | * WEFiles/Other-- -- --Folder create
3/17/2016 1:08:01 PM | * WEFiles/Image-- -- --Folder create
3/17/2016 1:08:01 PM | * WEFiles/Font-- -- --Folder create
3/17/2016 1:08:01 PM | * WEFiles/EG-- -- --Folder create
3/17/2016 1:08:01 PM | * WEFiles/Css-- -- --Folder create
3/17/2016 1:08:01 PM | * WEFiles/Css/v02-- -- --Folder create
3/17/2016 1:08:01 PM | * WEFiles/Css/v01-- -- --Folder create
3/17/2016 1:08:01 PM | * WEFiles/Client-- -- --Folder create
3/17/2016 1:08:01 PM | * WEFiles/Client/jQuery-- -- --Folder create
3/17/2016 1:08:01 PM | * WEFiles/Client/jQuery/Plugins-- -- --Folder create
3/17/2016 1:08:01 PM | * WEFiles/Client/Common-- -- --Folder create
3/17/2016 1:08:01 PM | * Templates-- -- --Folder create
3/17/2016 1:08:01 PM | * Files-- -- --Folder create
3/17/2016 1:08:01 PM | * Files/Video-- -- --Folder create
3/17/2016 1:08:01 PM | * Files/Other-- -- --Folder create
3/17/2016 1:08:01 PM | * Files/Media-- -- --Folder create
3/17/2016 1:08:01 PM | * Files/Image-- -- --Folder create
3/17/2016 1:08:01 PM | * Files/Fonts-- -- --Folder create
3/17/2016 1:08:01 PM | * Files/Flash-- -- --Folder create
3/17/2016 1:08:01 PM | * Files/Audio-- -- --Folder create
3/17/2016 1:08:01 PM | * Data-- -- --Folder create
3/17/2016 1:08:01 PM | * Backup-- -- --Folder create
3/17/2016 1:08:01 PM | * Common-- -- --Folder create
3/17/2016 1:08:01 PM | * WEFiles/Image/Skin-- -- --Folder create
3/17/2016 1:08:01 PM | * Files\Other-- -- --Folder create
3/17/2016 1:08:01 PM | * Files\Fonts-- -- --Folder create
3/17/2016 1:08:01 PM | * Backup/.htaccess-- -- --33
3/17/2016 1:08:01 PM | * Data/.htaccess-- -- --13
3/17/2016 1:08:01 PM | * WEFiles/Client/Common/oe.min.js-- -- --15699
3/17/2016 1:08:01 PM | * WEFiles/Client/jQuery/Plugins/jquery.form.js-- -- --11659
3/17/2016 1:08:01 PM | * WEFiles/Client/jQuery/Plugins/jquery.ui.core.js-- -- --19590
3/17/2016 1:08:01 PM | * WEFiles/Client/jQuery/Plugins/jquery.ui.effects.js-- -- --25199
3/17/2016 1:08:01 PM | * WEFiles/Client/jQuery/1.10.2.js-- -- --93107
3/17/2016 1:08:01 PM | * WEFiles/Client/jQuery/migrate.js-- -- --7202
3/17/2016 1:08:01 PM | * WEFiles/Client/OEDB.js-- -- --1856
3/17/2016 1:08:01 PM | * WEFiles/Client/OEDBClasses.js-- -- --2280
3/17/2016 1:08:01 PM | * WEFiles/Client/opentip-jquery.min.js-- -- --44974
3/17/2016 1:08:01 PM | * WEFiles/Css/v01/openElement.css-- -- --5805
3/17/2016 1:08:01 PM | * WEFiles/Css/v02/openElement.css-- -- --5907
3/17/2016 1:08:01 PM | * WEFiles/Css/v02/openElement.int.css-- -- --6005
3/17/2016 1:08:01 PM | * WEFiles/Css/ie7.css-- -- --833
3/17/2016 1:08:01 PM | * WEFiles/Css/opentip.css-- -- --9211
3/17/2016 1:08:01 PM | * WEFiles/Image/Code.png-- -- --831
3/17/2016 1:08:01 PM | * WEFiles/Image/delete.png-- -- --1465
3/17/2016 1:08:01 PM | * WEFiles/Image/empty.png-- -- --184
3/17/2016 1:08:01 PM | * WEFiles/Image/information2.png-- -- --3246
3/17/2016 1:08:01 PM | * WEFiles/Image/loading.gif-- -- --1924
3/17/2016 1:08:01 PM | * WEFiles/Image/Loading2.gif-- -- --4941
3/17/2016 1:08:01 PM | * WEFiles/Image/mask.png-- -- --213
3/17/2016 1:08:01 PM | * WEFiles/Image/ModalBackgound.png-- -- --27145
3/17/2016 1:08:01 PM | * WEFiles/Image/ModalPopupBlock.png-- -- --268
3/17/2016 1:08:01 PM | * WEFiles/Image/ServerError.png-- -- --2602
3/17/2016 1:08:01 PM | * WEFiles/Image/warning.png-- -- --816
3/17/2016 1:08:01 PM | * WEFiles/Image/WEW3C.png-- -- --1882
3/17/2016 1:08:01 PM | * WEFiles/Server/class/class-phpmailer.php-- -- --65471
3/17/2016 1:08:01 PM | * WEFiles/Server/class/class-smtp.php-- -- --32442
3/17/2016 1:08:01 PM | * WEFiles/Server/class/JSON.php-- -- --34073
3/17/2016 1:08:01 PM | * WEFiles/Server/DB/DBTools/OEDataContainers.php-- -- --58077
3/17/2016 1:08:01 PM | * WEFiles/Server/DB/DBTools/OEDBRequest.php-- -- --36412
3/17/2016 1:08:01 PM | * WEFiles/Server/DB/DBTools/OEDynUtils.php-- -- --16240
3/17/2016 1:08:01 PM | * WEFiles/Server/DB/.htaccess-- -- --13
3/17/2016 1:08:01 PM | * WEFiles/Server/DB/OEDB.php-- -- --28741
3/17/2016 1:08:01 PM | * WEFiles/Server/DB/OEDBClasses.php-- -- --84483
3/17/2016 1:08:01 PM | * WEFiles/Server/DB/sqllogin.php-- -- --1479
3/17/2016 1:08:01 PM | * WEFiles/Server/language/phpmailer.lang-en.php-- -- --1188
3/17/2016 1:08:01 PM | * WEFiles/Server/language/phpmailer.lang-fr.php-- -- --1297
3/17/2016 1:08:01 PM | * WEFiles/Server/openElement.php-- -- --18660
3/17/2016 1:08:01 PM | * WEFiles/Server/VarText.php-- -- --4306
3/17/2016 1:08:01 PM | * .htaccess-- -- --0
3/17/2016 1:08:01 PM | * Greida(var).php-- -- --390
3/17/2016 1:08:01 PM | * Greida.css-- -- --4870
3/17/2016 1:08:01 PM | * WEFiles/Image/Skin/c73e28dc.png-- -- --8725
3/17/2016 1:08:01 PM | * WEFiles/Image/Skin/2b8cf417.png-- -- --162
3/17/2016 1:08:01 PM | * WEFiles/Image/Skin/85224292.png-- -- --772
3/17/2016 1:08:01 PM | * WEFiles/Image/Skin/26c70838.png-- -- --162
3/17/2016 1:08:01 PM | * WEFiles/Image/Skin/58294202.png-- -- --772
3/17/2016 1:08:01 PM | * WEFiles/Image/Skin/c01bce0b.png-- -- --162
3/17/2016 1:08:01 PM | * WEFiles/Image/Skin/3b9d0c7d.png-- -- --772
3/17/2016 1:08:01 PM | * WEFiles/Image/Skin/3f808d9f.png-- -- --7146
3/17/2016 1:08:01 PM | * Greida.htm-- -- --12227
3/17/2016 1:08:01 PM | * Greitt.css-- -- --3738
3/17/2016 1:08:01 PM | * Greitt.htm-- -- --10079
3/17/2016 1:08:01 PM | * index.css-- -- --2133
3/17/2016 1:08:01 PM | * index.htm-- -- --7146
3/17/2016 1:08:01 PM | * Innskraning(var).js-- -- --276
3/17/2016 1:08:01 PM | * Innskraning(var).php-- -- --156
3/17/2016 1:08:01 PM | * Innskraning.css-- -- --3471
3/17/2016 1:08:01 PM | * WEFiles/Client/WESendForm-v29.js-- -- --3846
3/17/2016 1:08:01 PM | * Innskraning.htm-- -- --7795
3/17/2016 1:08:01 PM | * Kaupa kort(var).php-- -- --622
3/17/2016 1:08:01 PM | * Kaupa kort.css-- -- --5786
3/17/2016 1:08:01 PM | * WEFiles/Image/Skin/c3939802.png-- -- --162
3/17/2016 1:08:02 PM | * WEFiles/Image/Skin/63d93d51.png-- -- --772
3/17/2016 1:08:02 PM | * Kaupa kort.htm-- -- --15053
3/17/2016 1:08:02 PM | * Minar sidur.css-- -- --1977
3/17/2016 1:08:02 PM | * Minar sidur.htm-- -- --4758
3/17/2016 1:08:02 PM | * robots.txt-- -- --19
3/17/2016 1:08:02 PM | * sitemap.xml-- -- --1234
3/17/2016 1:08:02 PM | * Timatafla(var).php-- -- --553
3/17/2016 1:08:02 PM | * Timatafla.css-- -- --4511
3/17/2016 1:08:02 PM | * Timatafla.htm-- -- --17499
3/17/2016 1:08:02 PM | * Templates/BaseLayer.css-- -- --751
3/17/2016 1:08:02 PM | 
3/17/2016 1:08:02 PM | 
--------------------------------Phase 1 Terminé--------------------------------
3/17/2016 1:08:02 PM | 

3/17/2016 5:33:42 PM | Debut Mise en ligne complete (Site):
3/17/2016 5:33:46 PM | Listing terminé :
3/17/2016 5:33:46 PM | 

3/17/2016 5:33:46 PM | * WEFiles-- -- --Folder create
3/17/2016 5:33:46 PM | * WEFiles/Xml-- -- --Folder create
3/17/2016 5:33:46 PM | * WEFiles/Server-- -- --Folder create
3/17/2016 5:33:46 PM | * WEFiles/Server/language-- -- --Folder create
3/17/2016 5:33:46 PM | * WEFiles/Server/DB-- -- --Folder create
3/17/2016 5:33:46 PM | * WEFiles/Server/DB/DBTools-- -- --Folder create
3/17/2016 5:33:46 PM | * WEFiles/Server/class-- -- --Folder create
3/17/2016 5:33:46 PM | * WEFiles/Other-- -- --Folder create
3/17/2016 5:33:46 PM | * WEFiles/Image-- -- --Folder create
3/17/2016 5:33:46 PM | * WEFiles/Font-- -- --Folder create
3/17/2016 5:33:46 PM | * WEFiles/EG-- -- --Folder create
3/17/2016 5:33:46 PM | * WEFiles/Css-- -- --Folder create
3/17/2016 5:33:46 PM | * WEFiles/Css/v02-- -- --Folder create
3/17/2016 5:33:46 PM | * WEFiles/Css/v01-- -- --Folder create
3/17/2016 5:33:46 PM | * WEFiles/Client-- -- --Folder create
3/17/2016 5:33:46 PM | * WEFiles/Client/jQuery-- -- --Folder create
3/17/2016 5:33:46 PM | * WEFiles/Client/jQuery/Plugins-- -- --Folder create
3/17/2016 5:33:46 PM | * WEFiles/Client/Common-- -- --Folder create
3/17/2016 5:33:46 PM | * Templates-- -- --Folder create
3/17/2016 5:33:46 PM | * Files-- -- --Folder create
3/17/2016 5:33:46 PM | * Files/Video-- -- --Folder create
3/17/2016 5:33:46 PM | * Files/Other-- -- --Folder create
3/17/2016 5:33:46 PM | * Files/Media-- -- --Folder create
3/17/2016 5:33:46 PM | * Files/Image-- -- --Folder create
3/17/2016 5:33:46 PM | * Files/Fonts-- -- --Folder create
3/17/2016 5:33:46 PM | * Files/Flash-- -- --Folder create
3/17/2016 5:33:46 PM | * Files/Audio-- -- --Folder create
3/17/2016 5:33:46 PM | * Data-- -- --Folder create
3/17/2016 5:33:46 PM | * Backup-- -- --Folder create
3/17/2016 5:33:46 PM | * Common-- -- --Folder create
3/17/2016 5:33:46 PM | * WEFiles/Image/Skin-- -- --Folder create
3/17/2016 5:33:46 PM | * Files\Other-- -- --Folder create
3/17/2016 5:33:46 PM | * Files\Fonts-- -- --Folder create
3/17/2016 5:33:46 PM | * Backup/.htaccess-- -- --33
3/17/2016 5:33:46 PM | * Data/.htaccess-- -- --13
3/17/2016 5:33:46 PM | * WEFiles/Client/Common/oe.min.js-- -- --15699
3/17/2016 5:33:46 PM | * WEFiles/Client/jQuery/Plugins/jquery.form.js-- -- --11659
3/17/2016 5:33:46 PM | * WEFiles/Client/jQuery/Plugins/jquery.ui.core.js-- -- --19590
3/17/2016 5:33:46 PM | * WEFiles/Client/jQuery/Plugins/jquery.ui.effects.js-- -- --25199
3/17/2016 5:33:46 PM | * WEFiles/Client/jQuery/1.10.2.js-- -- --93107
3/17/2016 5:33:46 PM | * WEFiles/Client/jQuery/migrate.js-- -- --7202
3/17/2016 5:33:46 PM | * WEFiles/Client/OEDB.js-- -- --1856
3/17/2016 5:33:46 PM | * WEFiles/Client/OEDBClasses.js-- -- --2280
3/17/2016 5:33:46 PM | * WEFiles/Client/opentip-jquery.min.js-- -- --44974
3/17/2016 5:33:46 PM | * WEFiles/Css/v01/openElement.css-- -- --5805
3/17/2016 5:33:46 PM | * WEFiles/Css/v02/openElement.css-- -- --5907
3/17/2016 5:33:46 PM | * WEFiles/Css/v02/openElement.int.css-- -- --6005
3/17/2016 5:33:46 PM | * WEFiles/Css/ie7.css-- -- --833
3/17/2016 5:33:46 PM | * WEFiles/Css/opentip.css-- -- --9211
3/17/2016 5:33:46 PM | * WEFiles/Image/Code.png-- -- --831
3/17/2016 5:33:46 PM | * WEFiles/Image/delete.png-- -- --1465
3/17/2016 5:33:46 PM | * WEFiles/Image/empty.png-- -- --184
3/17/2016 5:33:46 PM | * WEFiles/Image/information2.png-- -- --3246
3/17/2016 5:33:46 PM | * WEFiles/Image/loading.gif-- -- --1924
3/17/2016 5:33:46 PM | * WEFiles/Image/Loading2.gif-- -- --4941
3/17/2016 5:33:46 PM | * WEFiles/Image/mask.png-- -- --213
3/17/2016 5:33:46 PM | * WEFiles/Image/ModalBackgound.png-- -- --27145
3/17/2016 5:33:46 PM | * WEFiles/Image/ModalPopupBlock.png-- -- --268
3/17/2016 5:33:46 PM | * WEFiles/Image/ServerError.png-- -- --2602
3/17/2016 5:33:46 PM | * WEFiles/Image/warning.png-- -- --816
3/17/2016 5:33:46 PM | * WEFiles/Image/WEW3C.png-- -- --1882
3/17/2016 5:33:46 PM | * WEFiles/Server/class/class-phpmailer.php-- -- --65471
3/17/2016 5:33:46 PM | * WEFiles/Server/class/class-smtp.php-- -- --32442
3/17/2016 5:33:46 PM | * WEFiles/Server/class/JSON.php-- -- --34073
3/17/2016 5:33:46 PM | * WEFiles/Server/DB/DBTools/OEDataContainers.php-- -- --58077
3/17/2016 5:33:46 PM | * WEFiles/Server/DB/DBTools/OEDBRequest.php-- -- --36412
3/17/2016 5:33:46 PM | * WEFiles/Server/DB/DBTools/OEDynUtils.php-- -- --16240
3/17/2016 5:33:46 PM | * WEFiles/Server/DB/.htaccess-- -- --13
3/17/2016 5:33:46 PM | * WEFiles/Server/DB/OEDB.php-- -- --28741
3/17/2016 5:33:46 PM | * WEFiles/Server/DB/OEDBClasses.php-- -- --84483
3/17/2016 5:33:46 PM | * WEFiles/Server/DB/sqllogin.php-- -- --1479
3/17/2016 5:33:46 PM | * WEFiles/Server/language/phpmailer.lang-en.php-- -- --1188
3/17/2016 5:33:46 PM | * WEFiles/Server/language/phpmailer.lang-fr.php-- -- --1297
3/17/2016 5:33:46 PM | * WEFiles/Server/openElement.php-- -- --18660
3/17/2016 5:33:46 PM | * WEFiles/Server/VarText.php-- -- --4306
3/17/2016 5:33:46 PM | * .htaccess-- -- --0
3/17/2016 5:33:46 PM | * Greida(var).php-- -- --390
3/17/2016 5:33:46 PM | * Greida.css-- -- --4870
3/17/2016 5:33:46 PM | * WEFiles/Image/Skin/c73e28dc.png-- -- --8725
3/17/2016 5:33:46 PM | * WEFiles/Image/Skin/2b8cf417.png-- -- --162
3/17/2016 5:33:46 PM | * WEFiles/Image/Skin/85224292.png-- -- --772
3/17/2016 5:33:46 PM | * WEFiles/Image/Skin/26c70838.png-- -- --162
3/17/2016 5:33:46 PM | * WEFiles/Image/Skin/58294202.png-- -- --772
3/17/2016 5:33:46 PM | * WEFiles/Image/Skin/c01bce0b.png-- -- --162
3/17/2016 5:33:46 PM | * WEFiles/Image/Skin/3b9d0c7d.png-- -- --772
3/17/2016 5:33:46 PM | * WEFiles/Image/Skin/3f808d9f.png-- -- --7146
3/17/2016 5:33:46 PM | * Greida.htm-- -- --12227
3/17/2016 5:33:46 PM | * Greitt.css-- -- --3738
3/17/2016 5:33:46 PM | * Greitt.htm-- -- --10079
3/17/2016 5:33:46 PM | * index.css-- -- --2133
3/17/2016 5:33:46 PM | * index.htm-- -- --7119
3/17/2016 5:33:46 PM | * inngreida(var).php-- -- --390
3/17/2016 5:33:46 PM | * inngreida.css-- -- --4870
3/17/2016 5:33:46 PM | * inngreida.htm-- -- --12236
3/17/2016 5:33:46 PM | * Innkaup(var).php-- -- --622
3/17/2016 5:33:46 PM | * Innkaup.css-- -- --5786
3/17/2016 5:33:46 PM | * WEFiles/Image/Skin/c3939802.png-- -- --162
3/17/2016 5:33:46 PM | * WEFiles/Image/Skin/63d93d51.png-- -- --772
3/17/2016 5:33:46 PM | * Innkaup.htm-- -- --15045
3/17/2016 5:33:46 PM | * Innmain.css-- -- --2133
3/17/2016 5:33:46 PM | * Innmain.htm-- -- --7091
3/17/2016 5:33:46 PM | * Innskraning af main(var).js-- -- --276
3/17/2016 5:33:46 PM | * Innskraning af main(var).php-- -- --156
3/17/2016 5:33:46 PM | * Innskraning af main.css-- -- --3471
3/17/2016 5:33:46 PM | * WEFiles/Client/WESendForm-v29.js-- -- --3846
3/17/2016 5:33:46 PM | * Innskraning af main.htm-- -- --7815
3/17/2016 5:33:46 PM | * Innskraning(var).js-- -- --276
3/17/2016 5:33:46 PM | * Innskraning(var).php-- -- --156
3/17/2016 5:33:46 PM | * Innskraning.css-- -- --3471
3/17/2016 5:33:46 PM | * Innskraning.htm-- -- --7771
3/17/2016 5:33:46 PM | * Inntimatafla(var).php-- -- --553
3/17/2016 5:33:46 PM | * Inntimatafla.css-- -- --4511
3/17/2016 5:33:46 PM | * Inntimatafla.htm-- -- --17520
3/17/2016 5:33:46 PM | * Kaupa kort(var).php-- -- --622
3/17/2016 5:33:46 PM | * Kaupa kort.css-- -- --5786
3/17/2016 5:33:46 PM | * Kaupa kort.htm-- -- --15053
3/17/2016 5:33:46 PM | * Minar sidur.css-- -- --1977
3/17/2016 5:33:46 PM | * Minar sidur.htm-- -- --4758
3/17/2016 5:33:46 PM | * robots.txt-- -- --19
3/17/2016 5:33:46 PM | * sitemap.xml-- -- --1968
3/17/2016 5:33:46 PM | * Timatafla(var).php-- -- --553
3/17/2016 5:33:46 PM | * Timatafla.css-- -- --4511
3/17/2016 5:33:46 PM | * Timatafla.htm-- -- --17519
3/17/2016 5:33:46 PM | * Templates/BaseLayer.css-- -- --751
3/17/2016 5:33:46 PM | 
3/17/2016 5:33:46 PM | 
--------------------------------Phase 1 Terminé--------------------------------
3/17/2016 5:33:46 PM | 

3/18/2016 4:24:18 PM | Debut Mise en ligne complete (Site):
3/18/2016 4:24:23 PM | Listing terminé :
3/18/2016 4:24:23 PM | 

3/18/2016 4:24:23 PM | * WEFiles-- -- --Folder create
3/18/2016 4:24:23 PM | * WEFiles/Xml-- -- --Folder create
3/18/2016 4:24:23 PM | * WEFiles/Server-- -- --Folder create
3/18/2016 4:24:23 PM | * WEFiles/Server/language-- -- --Folder create
3/18/2016 4:24:23 PM | * WEFiles/Server/DB-- -- --Folder create
3/18/2016 4:24:23 PM | * WEFiles/Server/DB/DBTools-- -- --Folder create
3/18/2016 4:24:23 PM | * WEFiles/Server/class-- -- --Folder create
3/18/2016 4:24:23 PM | * WEFiles/Other-- -- --Folder create
3/18/2016 4:24:23 PM | * WEFiles/Image-- -- --Folder create
3/18/2016 4:24:23 PM | * WEFiles/Font-- -- --Folder create
3/18/2016 4:24:23 PM | * WEFiles/EG-- -- --Folder create
3/18/2016 4:24:23 PM | * WEFiles/Css-- -- --Folder create
3/18/2016 4:24:23 PM | * WEFiles/Css/v02-- -- --Folder create
3/18/2016 4:24:23 PM | * WEFiles/Css/v01-- -- --Folder create
3/18/2016 4:24:23 PM | * WEFiles/Client-- -- --Folder create
3/18/2016 4:24:23 PM | * WEFiles/Client/jQuery-- -- --Folder create
3/18/2016 4:24:23 PM | * WEFiles/Client/jQuery/Plugins-- -- --Folder create
3/18/2016 4:24:23 PM | * WEFiles/Client/Common-- -- --Folder create
3/18/2016 4:24:23 PM | * Templates-- -- --Folder create
3/18/2016 4:24:23 PM | * Files-- -- --Folder create
3/18/2016 4:24:23 PM | * Files/Video-- -- --Folder create
3/18/2016 4:24:23 PM | * Files/Other-- -- --Folder create
3/18/2016 4:24:23 PM | * Files/Media-- -- --Folder create
3/18/2016 4:24:23 PM | * Files/Image-- -- --Folder create
3/18/2016 4:24:23 PM | * Files/Fonts-- -- --Folder create
3/18/2016 4:24:23 PM | * Files/Flash-- -- --Folder create
3/18/2016 4:24:23 PM | * Files/Audio-- -- --Folder create
3/18/2016 4:24:23 PM | * Data-- -- --Folder create
3/18/2016 4:24:23 PM | * Backup-- -- --Folder create
3/18/2016 4:24:23 PM | * Common-- -- --Folder create
3/18/2016 4:24:23 PM | * WEFiles/Image/Skin-- -- --Folder create
3/18/2016 4:24:23 PM | * Files\Other-- -- --Folder create
3/18/2016 4:24:23 PM | * Files\Fonts-- -- --Folder create
3/18/2016 4:24:23 PM | * Backup/.htaccess-- -- --33
3/18/2016 4:24:23 PM | * Data/.htaccess-- -- --13
3/18/2016 4:24:23 PM | * WEFiles/Client/Common/oe.min.js-- -- --15699
3/18/2016 4:24:23 PM | * WEFiles/Client/jQuery/Plugins/jquery.form.js-- -- --11659
3/18/2016 4:24:23 PM | * WEFiles/Client/jQuery/Plugins/jquery.ui.core.js-- -- --19590
3/18/2016 4:24:23 PM | * WEFiles/Client/jQuery/Plugins/jquery.ui.effects.js-- -- --25199
3/18/2016 4:24:23 PM | * WEFiles/Client/jQuery/1.10.2.js-- -- --93107
3/18/2016 4:24:23 PM | * WEFiles/Client/jQuery/migrate.js-- -- --7202
3/18/2016 4:24:23 PM | * WEFiles/Client/OEDB.js-- -- --1856
3/18/2016 4:24:23 PM | * WEFiles/Client/OEDBClasses.js-- -- --2280
3/18/2016 4:24:23 PM | * WEFiles/Client/opentip-jquery.min.js-- -- --44974
3/18/2016 4:24:23 PM | * WEFiles/Css/v01/openElement.css-- -- --5805
3/18/2016 4:24:23 PM | * WEFiles/Css/v02/openElement.css-- -- --5907
3/18/2016 4:24:23 PM | * WEFiles/Css/v02/openElement.int.css-- -- --6005
3/18/2016 4:24:23 PM | * WEFiles/Css/ie7.css-- -- --833
3/18/2016 4:24:23 PM | * WEFiles/Css/opentip.css-- -- --9211
3/18/2016 4:24:23 PM | * WEFiles/Image/Code.png-- -- --831
3/18/2016 4:24:23 PM | * WEFiles/Image/delete.png-- -- --1465
3/18/2016 4:24:23 PM | * WEFiles/Image/empty.png-- -- --184
3/18/2016 4:24:23 PM | * WEFiles/Image/information2.png-- -- --3246
3/18/2016 4:24:23 PM | * WEFiles/Image/loading.gif-- -- --1924
3/18/2016 4:24:23 PM | * WEFiles/Image/Loading2.gif-- -- --4941
3/18/2016 4:24:23 PM | * WEFiles/Image/mask.png-- -- --213
3/18/2016 4:24:23 PM | * WEFiles/Image/ModalBackgound.png-- -- --27145
3/18/2016 4:24:23 PM | * WEFiles/Image/ModalPopupBlock.png-- -- --268
3/18/2016 4:24:23 PM | * WEFiles/Image/ServerError.png-- -- --2602
3/18/2016 4:24:23 PM | * WEFiles/Image/warning.png-- -- --816
3/18/2016 4:24:23 PM | * WEFiles/Image/WEW3C.png-- -- --1882
3/18/2016 4:24:23 PM | * WEFiles/Server/class/class-phpmailer.php-- -- --65471
3/18/2016 4:24:23 PM | * WEFiles/Server/class/class-smtp.php-- -- --32442
3/18/2016 4:24:23 PM | * WEFiles/Server/class/JSON.php-- -- --34073
3/18/2016 4:24:23 PM | * WEFiles/Server/DB/DBTools/OEDataContainers.php-- -- --58077
3/18/2016 4:24:23 PM | * WEFiles/Server/DB/DBTools/OEDBRequest.php-- -- --36412
3/18/2016 4:24:23 PM | * WEFiles/Server/DB/DBTools/OEDynUtils.php-- -- --16240
3/18/2016 4:24:23 PM | * WEFiles/Server/DB/.htaccess-- -- --13
3/18/2016 4:24:23 PM | * WEFiles/Server/DB/OEDB.php-- -- --28741
3/18/2016 4:24:23 PM | * WEFiles/Server/DB/OEDBClasses.php-- -- --84483
3/18/2016 4:24:23 PM | * WEFiles/Server/DB/sqllogin.php-- -- --1479
3/18/2016 4:24:23 PM | * WEFiles/Server/language/phpmailer.lang-en.php-- -- --1188
3/18/2016 4:24:23 PM | * WEFiles/Server/language/phpmailer.lang-fr.php-- -- --1297
3/18/2016 4:24:23 PM | * WEFiles/Server/openElement.php-- -- --18660
3/18/2016 4:24:23 PM | * WEFiles/Server/VarText.php-- -- --4306
3/18/2016 4:24:23 PM | * .htaccess-- -- --0
3/18/2016 4:24:23 PM | * Greida(var).php-- -- --390
3/18/2016 4:24:23 PM | * Greida.css-- -- --4870
3/18/2016 4:24:23 PM | * WEFiles/Image/Skin/c73e28dc.png-- -- --8725
3/18/2016 4:24:23 PM | * WEFiles/Image/Skin/2b8cf417.png-- -- --162
3/18/2016 4:24:23 PM | * WEFiles/Image/Skin/85224292.png-- -- --772
3/18/2016 4:24:23 PM | * WEFiles/Image/Skin/26c70838.png-- -- --162
3/18/2016 4:24:23 PM | * WEFiles/Image/Skin/58294202.png-- -- --772
3/18/2016 4:24:23 PM | * WEFiles/Image/Skin/c01bce0b.png-- -- --162
3/18/2016 4:24:23 PM | * WEFiles/Image/Skin/3b9d0c7d.png-- -- --772
3/18/2016 4:24:23 PM | * WEFiles/Image/Skin/3f808d9f.png-- -- --7146
3/18/2016 4:24:23 PM | * Greida.htm-- -- --12227
3/18/2016 4:24:23 PM | * Greitt.css-- -- --3738
3/18/2016 4:24:23 PM | * Greitt.htm-- -- --10079
3/18/2016 4:24:23 PM | * index.css-- -- --2133
3/18/2016 4:24:23 PM | * index.htm-- -- --7119
3/18/2016 4:24:23 PM | * inngreida(var).php-- -- --390
3/18/2016 4:24:23 PM | * inngreida.css-- -- --4870
3/18/2016 4:24:23 PM | * inngreida.htm-- -- --12236
3/18/2016 4:24:23 PM | * Innkaup(var).php-- -- --622
3/18/2016 4:24:23 PM | * Innkaup.css-- -- --5786
3/18/2016 4:24:23 PM | * WEFiles/Image/Skin/c3939802.png-- -- --162
3/18/2016 4:24:23 PM | * WEFiles/Image/Skin/63d93d51.png-- -- --772
3/18/2016 4:24:23 PM | * Innkaup.htm-- -- --15045
3/18/2016 4:24:23 PM | * Innmain.css-- -- --2133
3/18/2016 4:24:23 PM | * Innmain.htm-- -- --7091
3/18/2016 4:24:23 PM | * innnyskraning(var).js-- -- --276
3/18/2016 4:24:23 PM | * innnyskraning(var).php-- -- --376
3/18/2016 4:24:23 PM | * innnyskraning.css-- -- --3908
3/18/2016 4:24:23 PM | * WEFiles/Client/WESendForm-v29.js-- -- --3846
3/18/2016 4:24:23 PM | * innnyskraning.htm-- -- --10000
3/18/2016 4:24:23 PM | * Innskraning af main(var).js-- -- --276
3/18/2016 4:24:23 PM | * Innskraning af main(var).php-- -- --156
3/18/2016 4:24:23 PM | * Innskraning af main.css-- -- --3471
3/18/2016 4:24:23 PM | * Innskraning af main.htm-- -- --7815
3/18/2016 4:24:23 PM | * Innskraning(var).js-- -- --276
3/18/2016 4:24:23 PM | * Innskraning(var).php-- -- --156
3/18/2016 4:24:23 PM | * Innskraning.css-- -- --3471
3/18/2016 4:24:23 PM | * Innskraning.htm-- -- --7771
3/18/2016 4:24:23 PM | * Inntimatafla(var).php-- -- --553
3/18/2016 4:24:23 PM | * Inntimatafla.css-- -- --4511
3/18/2016 4:24:23 PM | * Inntimatafla.htm-- -- --17520
3/18/2016 4:24:23 PM | * Kaupa kort(var).php-- -- --622
3/18/2016 4:24:23 PM | * Kaupa kort.css-- -- --5786
3/18/2016 4:24:23 PM | * Kaupa kort.htm-- -- --15053
3/18/2016 4:24:23 PM | * Minar sidur.css-- -- --1977
3/18/2016 4:24:23 PM | * Minar sidur.htm-- -- --4758
3/18/2016 4:24:23 PM | * robots.txt-- -- --19
3/18/2016 4:24:23 PM | * sitemap.xml-- -- --2117
3/18/2016 4:24:23 PM | * Timatafla(var).php-- -- --553
3/18/2016 4:24:23 PM | * Timatafla.css-- -- --4511
3/18/2016 4:24:23 PM | * Timatafla.htm-- -- --17519
3/18/2016 4:24:23 PM | * Templates/BaseLayer.css-- -- --751
3/18/2016 4:24:24 PM | 
3/18/2016 4:24:24 PM | 
--------------------------------Phase 1 Terminé--------------------------------
3/18/2016 4:24:24 PM | 

3/18/2016 4:42:59 PM | Debut Mise en ligne complete (Site):
3/18/2016 4:43:02 PM | Listing terminé :
3/18/2016 4:43:02 PM | 

3/18/2016 4:43:02 PM | * WEFiles-- -- --Folder create
3/18/2016 4:43:02 PM | * WEFiles/Xml-- -- --Folder create
3/18/2016 4:43:02 PM | * WEFiles/Server-- -- --Folder create
3/18/2016 4:43:02 PM | * WEFiles/Server/language-- -- --Folder create
3/18/2016 4:43:02 PM | * WEFiles/Server/DB-- -- --Folder create
3/18/2016 4:43:02 PM | * WEFiles/Server/DB/DBTools-- -- --Folder create
3/18/2016 4:43:02 PM | * WEFiles/Server/class-- -- --Folder create
3/18/2016 4:43:03 PM | * WEFiles/Other-- -- --Folder create
3/18/2016 4:43:03 PM | * WEFiles/Image-- -- --Folder create
3/18/2016 4:43:03 PM | * WEFiles/Font-- -- --Folder create
3/18/2016 4:43:03 PM | * WEFiles/EG-- -- --Folder create
3/18/2016 4:43:03 PM | * WEFiles/Css-- -- --Folder create
3/18/2016 4:43:03 PM | * WEFiles/Css/v02-- -- --Folder create
3/18/2016 4:43:03 PM | * WEFiles/Css/v01-- -- --Folder create
3/18/2016 4:43:03 PM | * WEFiles/Client-- -- --Folder create
3/18/2016 4:43:03 PM | * WEFiles/Client/jQuery-- -- --Folder create
3/18/2016 4:43:03 PM | * WEFiles/Client/jQuery/Plugins-- -- --Folder create
3/18/2016 4:43:03 PM | * WEFiles/Client/Common-- -- --Folder create
3/18/2016 4:43:03 PM | * Templates-- -- --Folder create
3/18/2016 4:43:03 PM | * Files-- -- --Folder create
3/18/2016 4:43:03 PM | * Files/Video-- -- --Folder create
3/18/2016 4:43:03 PM | * Files/Other-- -- --Folder create
3/18/2016 4:43:03 PM | * Files/Media-- -- --Folder create
3/18/2016 4:43:03 PM | * Files/Image-- -- --Folder create
3/18/2016 4:43:03 PM | * Files/Fonts-- -- --Folder create
3/18/2016 4:43:03 PM | * Files/Flash-- -- --Folder create
3/18/2016 4:43:03 PM | * Files/Audio-- -- --Folder create
3/18/2016 4:43:03 PM | * Data-- -- --Folder create
3/18/2016 4:43:03 PM | * Backup-- -- --Folder create
3/18/2016 4:43:03 PM | * Common-- -- --Folder create
3/18/2016 4:43:03 PM | * WEFiles/Image/Skin-- -- --Folder create
3/18/2016 4:43:03 PM | * Files\Other-- -- --Folder create
3/18/2016 4:43:03 PM | * Files\Fonts-- -- --Folder create
3/18/2016 4:43:03 PM | * Backup/.htaccess-- -- --33
3/18/2016 4:43:03 PM | * Data/.htaccess-- -- --13
3/18/2016 4:43:03 PM | * WEFiles/Client/Common/oe.min.js-- -- --15699
3/18/2016 4:43:03 PM | * WEFiles/Client/jQuery/Plugins/jquery.form.js-- -- --11659
3/18/2016 4:43:03 PM | * WEFiles/Client/jQuery/Plugins/jquery.ui.core.js-- -- --19590
3/18/2016 4:43:03 PM | * WEFiles/Client/jQuery/Plugins/jquery.ui.effects.js-- -- --25199
3/18/2016 4:43:03 PM | * WEFiles/Client/jQuery/1.10.2.js-- -- --93107
3/18/2016 4:43:03 PM | * WEFiles/Client/jQuery/migrate.js-- -- --7202
3/18/2016 4:43:03 PM | * WEFiles/Client/OEDB.js-- -- --1856
3/18/2016 4:43:03 PM | * WEFiles/Client/OEDBClasses.js-- -- --2280
3/18/2016 4:43:03 PM | * WEFiles/Client/opentip-jquery.min.js-- -- --44974
3/18/2016 4:43:03 PM | * WEFiles/Css/v01/openElement.css-- -- --5805
3/18/2016 4:43:03 PM | * WEFiles/Css/v02/openElement.css-- -- --5907
3/18/2016 4:43:03 PM | * WEFiles/Css/v02/openElement.int.css-- -- --6005
3/18/2016 4:43:03 PM | * WEFiles/Css/ie7.css-- -- --833
3/18/2016 4:43:03 PM | * WEFiles/Css/opentip.css-- -- --9211
3/18/2016 4:43:03 PM | * WEFiles/Image/Code.png-- -- --831
3/18/2016 4:43:03 PM | * WEFiles/Image/delete.png-- -- --1465
3/18/2016 4:43:03 PM | * WEFiles/Image/empty.png-- -- --184
3/18/2016 4:43:03 PM | * WEFiles/Image/information2.png-- -- --3246
3/18/2016 4:43:03 PM | * WEFiles/Image/loading.gif-- -- --1924
3/18/2016 4:43:03 PM | * WEFiles/Image/Loading2.gif-- -- --4941
3/18/2016 4:43:03 PM | * WEFiles/Image/mask.png-- -- --213
3/18/2016 4:43:03 PM | * WEFiles/Image/ModalBackgound.png-- -- --27145
3/18/2016 4:43:03 PM | * WEFiles/Image/ModalPopupBlock.png-- -- --268
3/18/2016 4:43:03 PM | * WEFiles/Image/ServerError.png-- -- --2602
3/18/2016 4:43:03 PM | * WEFiles/Image/warning.png-- -- --816
3/18/2016 4:43:03 PM | * WEFiles/Image/WEW3C.png-- -- --1882
3/18/2016 4:43:03 PM | * WEFiles/Server/class/class-phpmailer.php-- -- --65471
3/18/2016 4:43:03 PM | * WEFiles/Server/class/class-smtp.php-- -- --32442
3/18/2016 4:43:03 PM | * WEFiles/Server/class/JSON.php-- -- --34073
3/18/2016 4:43:03 PM | * WEFiles/Server/DB/DBTools/OEDataContainers.php-- -- --58077
3/18/2016 4:43:03 PM | * WEFiles/Server/DB/DBTools/OEDBRequest.php-- -- --36412
3/18/2016 4:43:03 PM | * WEFiles/Server/DB/DBTools/OEDynUtils.php-- -- --16240
3/18/2016 4:43:03 PM | * WEFiles/Server/DB/.htaccess-- -- --13
3/18/2016 4:43:03 PM | * WEFiles/Server/DB/OEDB.php-- -- --28741
3/18/2016 4:43:03 PM | * WEFiles/Server/DB/OEDBClasses.php-- -- --84483
3/18/2016 4:43:03 PM | * WEFiles/Server/DB/sqllogin.php-- -- --1479
3/18/2016 4:43:03 PM | * WEFiles/Server/language/phpmailer.lang-en.php-- -- --1188
3/18/2016 4:43:03 PM | * WEFiles/Server/language/phpmailer.lang-fr.php-- -- --1297
3/18/2016 4:43:03 PM | * WEFiles/Server/openElement.php-- -- --18660
3/18/2016 4:43:03 PM | * WEFiles/Server/VarText.php-- -- --4306
3/18/2016 4:43:03 PM | * .htaccess-- -- --0
3/18/2016 4:43:03 PM | * Greida(var).php-- -- --390
3/18/2016 4:43:03 PM | * Greida.css-- -- --4870
3/18/2016 4:43:03 PM | * WEFiles/Image/Skin/c73e28dc.png-- -- --8725
3/18/2016 4:43:03 PM | * WEFiles/Image/Skin/2b8cf417.png-- -- --162
3/18/2016 4:43:03 PM | * WEFiles/Image/Skin/85224292.png-- -- --772
3/18/2016 4:43:03 PM | * WEFiles/Image/Skin/26c70838.png-- -- --162
3/18/2016 4:43:03 PM | * WEFiles/Image/Skin/58294202.png-- -- --772
3/18/2016 4:43:03 PM | * WEFiles/Image/Skin/c01bce0b.png-- -- --162
3/18/2016 4:43:03 PM | * WEFiles/Image/Skin/3b9d0c7d.png-- -- --772
3/18/2016 4:43:03 PM | * WEFiles/Image/Skin/3f808d9f.png-- -- --7146
3/18/2016 4:43:03 PM | * Greida.htm-- -- --12227
3/18/2016 4:43:03 PM | * Greitt.css-- -- --3738
3/18/2016 4:43:03 PM | * Greitt.htm-- -- --10079
3/18/2016 4:43:03 PM | * index.css-- -- --2133
3/18/2016 4:43:03 PM | * index.htm-- -- --7119
3/18/2016 4:43:03 PM | * inngreida(var).php-- -- --390
3/18/2016 4:43:03 PM | * inngreida.css-- -- --4870
3/18/2016 4:43:03 PM | * inngreida.htm-- -- --12236
3/18/2016 4:43:03 PM | * Innkaup(var).php-- -- --622
3/18/2016 4:43:03 PM | * Innkaup.css-- -- --5786
3/18/2016 4:43:03 PM | * WEFiles/Image/Skin/c3939802.png-- -- --162
3/18/2016 4:43:03 PM | * WEFiles/Image/Skin/63d93d51.png-- -- --772
3/18/2016 4:43:03 PM | * Innkaup.htm-- -- --15045
3/18/2016 4:43:03 PM | * Innmain.css-- -- --2133
3/18/2016 4:43:03 PM | * Innmain.htm-- -- --7091
3/18/2016 4:43:03 PM | * innnyskraning(var).js-- -- --276
3/18/2016 4:43:03 PM | * innnyskraning(var).php-- -- --376
3/18/2016 4:43:03 PM | * innnyskraning.css-- -- --3908
3/18/2016 4:43:03 PM | * WEFiles/Client/WESendForm-v29.js-- -- --3846
3/18/2016 4:43:03 PM | * innnyskraning.htm-- -- --10000
3/18/2016 4:43:03 PM | * Innskraning af main(var).js-- -- --276
3/18/2016 4:43:03 PM | * Innskraning af main(var).php-- -- --156
3/18/2016 4:43:03 PM | * Innskraning af main.css-- -- --3471
3/18/2016 4:43:03 PM | * Innskraning af main.htm-- -- --7815
3/18/2016 4:43:03 PM | * Innskraning(var).js-- -- --276
3/18/2016 4:43:03 PM | * Innskraning(var).php-- -- --156
3/18/2016 4:43:03 PM | * Innskraning.css-- -- --3471
3/18/2016 4:43:03 PM | * Innskraning.htm-- -- --7771
3/18/2016 4:43:03 PM | * Inntimatafla(var).php-- -- --553
3/18/2016 4:43:03 PM | * Inntimatafla.css-- -- --4511
3/18/2016 4:43:03 PM | * Inntimatafla.htm-- -- --17520
3/18/2016 4:43:03 PM | * Kaupa kort(var).php-- -- --622
3/18/2016 4:43:03 PM | * Kaupa kort.css-- -- --5786
3/18/2016 4:43:03 PM | * Kaupa kort.htm-- -- --15053
3/18/2016 4:43:03 PM | * Minar sidur.css-- -- --1977
3/18/2016 4:43:03 PM | * Minar sidur.htm-- -- --4758
3/18/2016 4:43:03 PM | * robots.txt-- -- --19
3/18/2016 4:43:03 PM | * sitemap.xml-- -- --2117
3/18/2016 4:43:03 PM | * Timatafla(var).php-- -- --553
3/18/2016 4:43:03 PM | * Timatafla.css-- -- --4511
3/18/2016 4:43:03 PM | * Timatafla.htm-- -- --17519
3/18/2016 4:43:03 PM | * Templates/BaseLayer.css-- -- --751
3/18/2016 4:43:04 PM | 
3/18/2016 4:43:04 PM | 
--------------------------------Phase 1 Terminé--------------------------------
3/18/2016 4:43:04 PM | 

